The system is: Linux - 5.4.0-xilinx-v2020.1 - armv7l
Compiling the C compiler identification source file "CMakeCCompilerId.c" succeeded.
Compiler: /usr/bin/cc 
Build flags: 
Id flags: 

The output was:
0


Compilation of the C compiler identification source "CMakeCCompilerId.c" produced "a.out"

The C compiler identification is GNU, found in "/root/UF_IPMC/SRC/CMakeFiles/2.8.12.2/CompilerIdC/a.out"

Compiling the CXX compiler identification source file "CMakeCXXCompilerId.cpp" succeeded.
Compiler: /usr/bin/c++ 
Build flags: 
Id flags: 

The output was:
0


Compilation of the CXX compiler identification source "CMakeCXXCompilerId.cpp" produced "a.out"

The CXX compiler identification is GNU, found in "/root/UF_IPMC/SRC/CMakeFiles/2.8.12.2/CompilerIdCXX/a.out"

Determining if the C compiler works passed with the following output:
Change Dir: /root/UF_IPMC/SRC/CMakeFiles/CMakeTmp

Run Build Command:/usr/bin/gmake "cmTryCompileExec3389296224/fast"
/usr/bin/gmake -f CMakeFiles/cmTryCompileExec3389296224.dir/build.make CMakeFiles/cmTryCompileExec3389296224.dir/build
gmake[1]: Entering directory `/root/UF_IPMC/SRC/CMakeFiles/CMakeTmp'
/usr/bin/cmake -E cmake_progress_report /root/UF_IPMC/SRC/CMakeFiles/CMakeTmp/CMakeFiles 1
Building C object CMakeFiles/cmTryCompileExec3389296224.dir/testCCompiler.c.o
/usr/bin/cc    -o CMakeFiles/cmTryCompileExec3389296224.dir/testCCompiler.c.o   -c /root/UF_IPMC/SRC/CMakeFiles/CMakeTmp/testCCompiler.c
Linking C executable cmTryCompileExec3389296224
/usr/bin/cmake -E cmake_link_script CMakeFiles/cmTryCompileExec3389296224.dir/link.txt --verbose=1
/usr/bin/cc       CMakeFiles/cmTryCompileExec3389296224.dir/testCCompiler.c.o  -o cmTryCompileExec3389296224 -rdynamic 
gmake[1]: Leaving directory `/root/UF_IPMC/SRC/CMakeFiles/CMakeTmp'


Detecting C compiler ABI info compiled with the following output:
Change Dir: /root/UF_IPMC/SRC/CMakeFiles/CMakeTmp

Run Build Command:/usr/bin/gmake "cmTryCompileExec2313907635/fast"
/usr/bin/gmake -f CMakeFiles/cmTryCompileExec2313907635.dir/build.make CMakeFiles/cmTryCompileExec2313907635.dir/build
gmake[1]: Entering directory `/root/UF_IPMC/SRC/CMakeFiles/CMakeTmp'
/usr/bin/cmake -E cmake_progress_report /root/UF_IPMC/SRC/CMakeFiles/CMakeTmp/CMakeFiles 1
Building C object CMakeFiles/cmTryCompileExec2313907635.dir/CMakeCCompilerABI.c.o
/usr/bin/cc    -o CMakeFiles/cmTryCompileExec2313907635.dir/CMakeCCompilerABI.c.o   -c /usr/share/cmake/Modules/CMakeCCompilerABI.c
Linking C executable cmTryCompileExec2313907635
/usr/bin/cmake -E cmake_link_script CMakeFiles/cmTryCompileExec2313907635.dir/link.txt --verbose=1
/usr/bin/cc     -v CMakeFiles/cmTryCompileExec2313907635.dir/CMakeCCompilerABI.c.o  -o cmTryCompileExec2313907635 -rdynamic  
Using built-in specs.
COLLECT_GCC=/usr/bin/cc
COLLECT_LTO_WRAPPER=/usr/libexec/gcc/armv7hl-redhat-linux-gnueabi/4.8.5/lto-wrapper
Target: armv7hl-redhat-linux-gnueabi
Configured with: ../configure --prefix=/usr --mandir=/usr/share/man --infodir=/usr/share/info --with-bugurl=http://bugzilla.redhat.com/bugzilla --enable-bootstrap --enable-shared --enable-threads=posix --enable-checking=release --with-system-zlib --enable-__cxa_atexit --disable-libunwind-exceptions --enable-gnu-unique-object --enable-linker-build-id --with-linker-hash-style=gnu --enable-languages=c,c++,objc,obj-c++,java,fortran,ada,go,lto --enable-plugin --enable-initfini-array --disable-libgcj --with-isl=/builddir/build/BUILD/gcc-4.8.5-20150702/obj-armv7hl-redhat-linux-gnueabi/isl-install --with-cloog=/builddir/build/BUILD/gcc-4.8.5-20150702/obj-armv7hl-redhat-linux-gnueabi/cloog-install --enable-gnu-indirect-function --disable-sjlj-exceptions --with-cpu=cortex-a8 --with-tune=cortex-a8 --with-arch=armv7-a --with-float=hard --with-fpu=vfpv3-d16 --with-abi=aapcs-linux --build=armv7hl-redhat-linux-gnueabi
Thread model: posix
gcc version 4.8.5 20150623 (Red Hat 4.8.5-39) (GCC) 
COMPILER_PATH=/usr/libexec/gcc/armv7hl-redhat-linux-gnueabi/4.8.5/:/usr/libexec/gcc/armv7hl-redhat-linux-gnueabi/4.8.5/:/usr/libexec/gcc/armv7hl-redhat-linux-gnueabi/:/usr/lib/gcc/armv7hl-redhat-linux-gnueabi/4.8.5/:/usr/lib/gcc/armv7hl-redhat-linux-gnueabi/
LIBRARY_PATH=/usr/lib/gcc/armv7hl-redhat-linux-gnueabi/4.8.5/:/usr/lib/gcc/armv7hl-redhat-linux-gnueabi/4.8.5/../../../:/lib/:/usr/lib/
COLLECT_GCC_OPTIONS='-v' '-o' 'cmTryCompileExec2313907635' '-rdynamic' '-march=armv7-a' '-mtune=cortex-a8' '-mfloat-abi=hard' '-mfpu=vfpv3-d16' '-mabi=aapcs-linux' '-mtls-dialect=gnu'
 /usr/libexec/gcc/armv7hl-redhat-linux-gnueabi/4.8.5/collect2 --build-id --no-add-needed --eh-frame-hdr --hash-style=gnu -export-dynamic -dynamic-linker /lib/ld-linux-armhf.so.3 -X -m armelf_linux_eabi -o cmTryCompileExec2313907635 /usr/lib/gcc/armv7hl-redhat-linux-gnueabi/4.8.5/../../../crt1.o /usr/lib/gcc/armv7hl-redhat-linux-gnueabi/4.8.5/../../../crti.o /usr/lib/gcc/armv7hl-redhat-linux-gnueabi/4.8.5/crtbegin.o -L/usr/lib/gcc/armv7hl-redhat-linux-gnueabi/4.8.5 -L/usr/lib/gcc/armv7hl-redhat-linux-gnueabi/4.8.5/../../.. CMakeFiles/cmTryCompileExec2313907635.dir/CMakeCCompilerABI.c.o -lgcc --as-needed -lgcc_s --no-as-needed -lc -lgcc --as-needed -lgcc_s --no-as-needed /usr/lib/gcc/armv7hl-redhat-linux-gnueabi/4.8.5/crtend.o /usr/lib/gcc/armv7hl-redhat-linux-gnueabi/4.8.5/../../../crtn.o
gmake[1]: Leaving directory `/root/UF_IPMC/SRC/CMakeFiles/CMakeTmp'


Parsed C implicit link information from above output:
  link line regex: [^( *|.*[/\])(ld|([^/\]+-)?ld|collect2)[^/\]*( |$)]
  ignore line: [Change Dir: /root/UF_IPMC/SRC/CMakeFiles/CMakeTmp]
  ignore line: []
  ignore line: [Run Build Command:/usr/bin/gmake "cmTryCompileExec2313907635/fast"]
  ignore line: [/usr/bin/gmake -f CMakeFiles/cmTryCompileExec2313907635.dir/build.make CMakeFiles/cmTryCompileExec2313907635.dir/build]
  ignore line: [gmake[1]: Entering directory `/root/UF_IPMC/SRC/CMakeFiles/CMakeTmp']
  ignore line: [/usr/bin/cmake -E cmake_progress_report /root/UF_IPMC/SRC/CMakeFiles/CMakeTmp/CMakeFiles 1]
  ignore line: [Building C object CMakeFiles/cmTryCompileExec2313907635.dir/CMakeCCompilerABI.c.o]
  ignore line: [/usr/bin/cc    -o CMakeFiles/cmTryCompileExec2313907635.dir/CMakeCCompilerABI.c.o   -c /usr/share/cmake/Modules/CMakeCCompilerABI.c]
  ignore line: [Linking C executable cmTryCompileExec2313907635]
  ignore line: [/usr/bin/cmake -E cmake_link_script CMakeFiles/cmTryCompileExec2313907635.dir/link.txt --verbose=1]
  ignore line: [/usr/bin/cc     -v CMakeFiles/cmTryCompileExec2313907635.dir/CMakeCCompilerABI.c.o  -o cmTryCompileExec2313907635 -rdynamic  ]
  ignore line: [Using built-in specs.]
  ignore line: [COLLECT_GCC=/usr/bin/cc]
  ignore line: [COLLECT_LTO_WRAPPER=/usr/libexec/gcc/armv7hl-redhat-linux-gnueabi/4.8.5/lto-wrapper]
  ignore line: [Target: armv7hl-redhat-linux-gnueabi]
  ignore line: [Configured with: ../configure --prefix=/usr --mandir=/usr/share/man --infodir=/usr/share/info --with-bugurl=http://bugzilla.redhat.com/bugzilla --enable-bootstrap --enable-shared --enable-threads=posix --enable-checking=release --with-system-zlib --enable-__cxa_atexit --disable-libunwind-exceptions --enable-gnu-unique-object --enable-linker-build-id --with-linker-hash-style=gnu --enable-languages=c,c++,objc,obj-c++,java,fortran,ada,go,lto --enable-plugin --enable-initfini-array --disable-libgcj --with-isl=/builddir/build/BUILD/gcc-4.8.5-20150702/obj-armv7hl-redhat-linux-gnueabi/isl-install --with-cloog=/builddir/build/BUILD/gcc-4.8.5-20150702/obj-armv7hl-redhat-linux-gnueabi/cloog-install --enable-gnu-indirect-function --disable-sjlj-exceptions --with-cpu=cortex-a8 --with-tune=cortex-a8 --with-arch=armv7-a --with-float=hard --with-fpu=vfpv3-d16 --with-abi=aapcs-linux --build=armv7hl-redhat-linux-gnueabi]
  ignore line: [Thread model: posix]
  ignore line: [gcc version 4.8.5 20150623 (Red Hat 4.8.5-39) (GCC) ]
  ignore line: [COMPILER_PATH=/usr/libexec/gcc/armv7hl-redhat-linux-gnueabi/4.8.5/:/usr/libexec/gcc/armv7hl-redhat-linux-gnueabi/4.8.5/:/usr/libexec/gcc/armv7hl-redhat-linux-gnueabi/:/usr/lib/gcc/armv7hl-redhat-linux-gnueabi/4.8.5/:/usr/lib/gcc/armv7hl-redhat-linux-gnueabi/]
  ignore line: [LIBRARY_PATH=/usr/lib/gcc/armv7hl-redhat-linux-gnueabi/4.8.5/:/usr/lib/gcc/armv7hl-redhat-linux-gnueabi/4.8.5/../../../:/lib/:/usr/lib/]
  ignore line: [COLLECT_GCC_OPTIONS='-v' '-o' 'cmTryCompileExec2313907635' '-rdynamic' '-march=armv7-a' '-mtune=cortex-a8' '-mfloat-abi=hard' '-mfpu=vfpv3-d16' '-mabi=aapcs-linux' '-mtls-dialect=gnu']
  link line: [ /usr/libexec/gcc/armv7hl-redhat-linux-gnueabi/4.8.5/collect2 --build-id --no-add-needed --eh-frame-hdr --hash-style=gnu -export-dynamic -dynamic-linker /lib/ld-linux-armhf.so.3 -X -m armelf_linux_eabi -o cmTryCompileExec2313907635 /usr/lib/gcc/armv7hl-redhat-linux-gnueabi/4.8.5/../../../crt1.o /usr/lib/gcc/armv7hl-redhat-linux-gnueabi/4.8.5/../../../crti.o /usr/lib/gcc/armv7hl-redhat-linux-gnueabi/4.8.5/crtbegin.o -L/usr/lib/gcc/armv7hl-redhat-linux-gnueabi/4.8.5 -L/usr/lib/gcc/armv7hl-redhat-linux-gnueabi/4.8.5/../../.. CMakeFiles/cmTryCompileExec2313907635.dir/CMakeCCompilerABI.c.o -lgcc --as-needed -lgcc_s --no-as-needed -lc -lgcc --as-needed -lgcc_s --no-as-needed /usr/lib/gcc/armv7hl-redhat-linux-gnueabi/4.8.5/crtend.o /usr/lib/gcc/armv7hl-redhat-linux-gnueabi/4.8.5/../../../crtn.o]
    arg [/usr/libexec/gcc/armv7hl-redhat-linux-gnueabi/4.8.5/collect2] ==> ignore
    arg [--build-id] ==> ignore
    arg [--no-add-needed] ==> ignore
    arg [--eh-frame-hdr] ==> ignore
    arg [--hash-style=gnu] ==> ignore
    arg [-export-dynamic] ==> ignore
    arg [-dynamic-linker] ==> ignore
    arg [/lib/ld-linux-armhf.so.3] ==> ignore
    arg [-X] ==> ignore
    arg [-m] ==> ignore
    arg [armelf_linux_eabi] ==> ignore
    arg [-o] ==> ignore
    arg [cmTryCompileExec2313907635] ==> ignore
    arg [/usr/lib/gcc/armv7hl-redhat-linux-gnueabi/4.8.5/../../../crt1.o] ==> ignore
    arg [/usr/lib/gcc/armv7hl-redhat-linux-gnueabi/4.8.5/../../../crti.o] ==> ignore
    arg [/usr/lib/gcc/armv7hl-redhat-linux-gnueabi/4.8.5/crtbegin.o] ==> ignore
    arg [-L/usr/lib/gcc/armv7hl-redhat-linux-gnueabi/4.8.5] ==> dir [/usr/lib/gcc/armv7hl-redhat-linux-gnueabi/4.8.5]
    arg [-L/usr/lib/gcc/armv7hl-redhat-linux-gnueabi/4.8.5/../../..] ==> dir [/usr/lib/gcc/armv7hl-redhat-linux-gnueabi/4.8.5/../../..]
    arg [CMakeFiles/cmTryCompileExec2313907635.dir/CMakeCCompilerABI.c.o] ==> ignore
    arg [-lgcc] ==> lib [gcc]
    arg [--as-needed] ==> ignore
    arg [-lgcc_s] ==> lib [gcc_s]
    arg [--no-as-needed] ==> ignore
    arg [-lc] ==> lib [c]
    arg [-lgcc] ==> lib [gcc]
    arg [--as-needed] ==> ignore
    arg [-lgcc_s] ==> lib [gcc_s]
    arg [--no-as-needed] ==> ignore
    arg [/usr/lib/gcc/armv7hl-redhat-linux-gnueabi/4.8.5/crtend.o] ==> ignore
    arg [/usr/lib/gcc/armv7hl-redhat-linux-gnueabi/4.8.5/../../../crtn.o] ==> ignore
  remove lib [gcc]
  remove lib [gcc_s]
  remove lib [gcc]
  remove lib [gcc_s]
  collapse library dir [/usr/lib/gcc/armv7hl-redhat-linux-gnueabi/4.8.5] ==> [/usr/lib/gcc/armv7hl-redhat-linux-gnueabi/4.8.5]
  collapse library dir [/usr/lib/gcc/armv7hl-redhat-linux-gnueabi/4.8.5/../../..] ==> [/usr/lib]
  implicit libs: [c]
  implicit dirs: [/usr/lib/gcc/armv7hl-redhat-linux-gnueabi/4.8.5;/usr/lib]
  implicit fwks: []


Determining if the CXX compiler works passed with the following output:
Change Dir: /root/UF_IPMC/SRC/CMakeFiles/CMakeTmp

Run Build Command:/usr/bin/gmake "cmTryCompileExec1656491897/fast"
/usr/bin/gmake -f CMakeFiles/cmTryCompileExec1656491897.dir/build.make CMakeFiles/cmTryCompileExec1656491897.dir/build
gmake[1]: Entering directory `/root/UF_IPMC/SRC/CMakeFiles/CMakeTmp'
/usr/bin/cmake -E cmake_progress_report /root/UF_IPMC/SRC/CMakeFiles/CMakeTmp/CMakeFiles 1
Building CXX object CMakeFiles/cmTryCompileExec1656491897.dir/testCXXCompiler.cxx.o
/usr/bin/c++     -o CMakeFiles/cmTryCompileExec1656491897.dir/testCXXCompiler.cxx.o -c /root/UF_IPMC/SRC/CMakeFiles/CMakeTmp/testCXXCompiler.cxx
Linking CXX executable cmTryCompileExec1656491897
/usr/bin/cmake -E cmake_link_script CMakeFiles/cmTryCompileExec1656491897.dir/link.txt --verbose=1
/usr/bin/c++        CMakeFiles/cmTryCompileExec1656491897.dir/testCXXCompiler.cxx.o  -o cmTryCompileExec1656491897 -rdynamic 
gmake[1]: Leaving directory `/root/UF_IPMC/SRC/CMakeFiles/CMakeTmp'


Detecting CXX compiler ABI info compiled with the following output:
Change Dir: /root/UF_IPMC/SRC/CMakeFiles/CMakeTmp

Run Build Command:/usr/bin/gmake "cmTryCompileExec978357965/fast"
/usr/bin/gmake -f CMakeFiles/cmTryCompileExec978357965.dir/build.make CMakeFiles/cmTryCompileExec978357965.dir/build
gmake[1]: Entering directory `/root/UF_IPMC/SRC/CMakeFiles/CMakeTmp'
/usr/bin/cmake -E cmake_progress_report /root/UF_IPMC/SRC/CMakeFiles/CMakeTmp/CMakeFiles 1
Building CXX object CMakeFiles/cmTryCompileExec978357965.dir/CMakeCXXCompilerABI.cpp.o
/usr/bin/c++     -o CMakeFiles/cmTryCompileExec978357965.dir/CMakeCXXCompilerABI.cpp.o -c /usr/share/cmake/Modules/CMakeCXXCompilerABI.cpp
Linking CXX executable cmTryCompileExec978357965
/usr/bin/cmake -E cmake_link_script CMakeFiles/cmTryCompileExec978357965.dir/link.txt --verbose=1
/usr/bin/c++      -v CMakeFiles/cmTryCompileExec978357965.dir/CMakeCXXCompilerABI.cpp.o  -o cmTryCompileExec978357965 -rdynamic  
Using built-in specs.
COLLECT_GCC=/usr/bin/c++
COLLECT_LTO_WRAPPER=/usr/libexec/gcc/armv7hl-redhat-linux-gnueabi/4.8.5/lto-wrapper
Target: armv7hl-redhat-linux-gnueabi
Configured with: ../configure --prefix=/usr --mandir=/usr/share/man --infodir=/usr/share/info --with-bugurl=http://bugzilla.redhat.com/bugzilla --enable-bootstrap --enable-shared --enable-threads=posix --enable-checking=release --with-system-zlib --enable-__cxa_atexit --disable-libunwind-exceptions --enable-gnu-unique-object --enable-linker-build-id --with-linker-hash-style=gnu --enable-languages=c,c++,objc,obj-c++,java,fortran,ada,go,lto --enable-plugin --enable-initfini-array --disable-libgcj --with-isl=/builddir/build/BUILD/gcc-4.8.5-20150702/obj-armv7hl-redhat-linux-gnueabi/isl-install --with-cloog=/builddir/build/BUILD/gcc-4.8.5-20150702/obj-armv7hl-redhat-linux-gnueabi/cloog-install --enable-gnu-indirect-function --disable-sjlj-exceptions --with-cpu=cortex-a8 --with-tune=cortex-a8 --with-arch=armv7-a --with-float=hard --with-fpu=vfpv3-d16 --with-abi=aapcs-linux --build=armv7hl-redhat-linux-gnueabi
Thread model: posix
gcc version 4.8.5 20150623 (Red Hat 4.8.5-39) (GCC) 
COMPILER_PATH=/usr/libexec/gcc/armv7hl-redhat-linux-gnueabi/4.8.5/:/usr/libexec/gcc/armv7hl-redhat-linux-gnueabi/4.8.5/:/usr/libexec/gcc/armv7hl-redhat-linux-gnueabi/:/usr/lib/gcc/armv7hl-redhat-linux-gnueabi/4.8.5/:/usr/lib/gcc/armv7hl-redhat-linux-gnueabi/
LIBRARY_PATH=/usr/lib/gcc/armv7hl-redhat-linux-gnueabi/4.8.5/:/usr/lib/gcc/armv7hl-redhat-linux-gnueabi/4.8.5/../../../:/lib/:/usr/lib/
COLLECT_GCC_OPTIONS='-v' '-o' 'cmTryCompileExec978357965' '-rdynamic' '-shared-libgcc' '-march=armv7-a' '-mtune=cortex-a8' '-mfloat-abi=hard' '-mfpu=vfpv3-d16' '-mabi=aapcs-linux' '-mtls-dialect=gnu'
 /usr/libexec/gcc/armv7hl-redhat-linux-gnueabi/4.8.5/collect2 --build-id --no-add-needed --eh-frame-hdr --hash-style=gnu -export-dynamic -dynamic-linker /lib/ld-linux-armhf.so.3 -X -m armelf_linux_eabi -o cmTryCompileExec978357965 /usr/lib/gcc/armv7hl-redhat-linux-gnueabi/4.8.5/../../../crt1.o /usr/lib/gcc/armv7hl-redhat-linux-gnueabi/4.8.5/../../../crti.o /usr/lib/gcc/armv7hl-redhat-linux-gnueabi/4.8.5/crtbegin.o -L/usr/lib/gcc/armv7hl-redhat-linux-gnueabi/4.8.5 -L/usr/lib/gcc/armv7hl-redhat-linux-gnueabi/4.8.5/../../.. CMakeFiles/cmTryCompileExec978357965.dir/CMakeCXXCompilerABI.cpp.o -lstdc++ -lm -lgcc_s -lgcc -lc -lgcc_s -lgcc /usr/lib/gcc/armv7hl-redhat-linux-gnueabi/4.8.5/crtend.o /usr/lib/gcc/armv7hl-redhat-linux-gnueabi/4.8.5/../../../crtn.o
gmake[1]: Leaving directory `/root/UF_IPMC/SRC/CMakeFiles/CMakeTmp'


Parsed CXX implicit link information from above output:
  link line regex: [^( *|.*[/\])(ld|([^/\]+-)?ld|collect2)[^/\]*( |$)]
  ignore line: [Change Dir: /root/UF_IPMC/SRC/CMakeFiles/CMakeTmp]
  ignore line: []
  ignore line: [Run Build Command:/usr/bin/gmake "cmTryCompileExec978357965/fast"]
  ignore line: [/usr/bin/gmake -f CMakeFiles/cmTryCompileExec978357965.dir/build.make CMakeFiles/cmTryCompileExec978357965.dir/build]
  ignore line: [gmake[1]: Entering directory `/root/UF_IPMC/SRC/CMakeFiles/CMakeTmp']
  ignore line: [/usr/bin/cmake -E cmake_progress_report /root/UF_IPMC/SRC/CMakeFiles/CMakeTmp/CMakeFiles 1]
  ignore line: [Building CXX object CMakeFiles/cmTryCompileExec978357965.dir/CMakeCXXCompilerABI.cpp.o]
  ignore line: [/usr/bin/c++     -o CMakeFiles/cmTryCompileExec978357965.dir/CMakeCXXCompilerABI.cpp.o -c /usr/share/cmake/Modules/CMakeCXXCompilerABI.cpp]
  ignore line: [Linking CXX executable cmTryCompileExec978357965]
  ignore line: [/usr/bin/cmake -E cmake_link_script CMakeFiles/cmTryCompileExec978357965.dir/link.txt --verbose=1]
  ignore line: [/usr/bin/c++      -v CMakeFiles/cmTryCompileExec978357965.dir/CMakeCXXCompilerABI.cpp.o  -o cmTryCompileExec978357965 -rdynamic  ]
  ignore line: [Using built-in specs.]
  ignore line: [COLLECT_GCC=/usr/bin/c++]
  ignore line: [COLLECT_LTO_WRAPPER=/usr/libexec/gcc/armv7hl-redhat-linux-gnueabi/4.8.5/lto-wrapper]
  ignore line: [Target: armv7hl-redhat-linux-gnueabi]
  ignore line: [Configured with: ../configure --prefix=/usr --mandir=/usr/share/man --infodir=/usr/share/info --with-bugurl=http://bugzilla.redhat.com/bugzilla --enable-bootstrap --enable-shared --enable-threads=posix --enable-checking=release --with-system-zlib --enable-__cxa_atexit --disable-libunwind-exceptions --enable-gnu-unique-object --enable-linker-build-id --with-linker-hash-style=gnu --enable-languages=c,c++,objc,obj-c++,java,fortran,ada,go,lto --enable-plugin --enable-initfini-array --disable-libgcj --with-isl=/builddir/build/BUILD/gcc-4.8.5-20150702/obj-armv7hl-redhat-linux-gnueabi/isl-install --with-cloog=/builddir/build/BUILD/gcc-4.8.5-20150702/obj-armv7hl-redhat-linux-gnueabi/cloog-install --enable-gnu-indirect-function --disable-sjlj-exceptions --with-cpu=cortex-a8 --with-tune=cortex-a8 --with-arch=armv7-a --with-float=hard --with-fpu=vfpv3-d16 --with-abi=aapcs-linux --build=armv7hl-redhat-linux-gnueabi]
  ignore line: [Thread model: posix]
  ignore line: [gcc version 4.8.5 20150623 (Red Hat 4.8.5-39) (GCC) ]
  ignore line: [COMPILER_PATH=/usr/libexec/gcc/armv7hl-redhat-linux-gnueabi/4.8.5/:/usr/libexec/gcc/armv7hl-redhat-linux-gnueabi/4.8.5/:/usr/libexec/gcc/armv7hl-redhat-linux-gnueabi/:/usr/lib/gcc/armv7hl-redhat-linux-gnueabi/4.8.5/:/usr/lib/gcc/armv7hl-redhat-linux-gnueabi/]
  ignore line: [LIBRARY_PATH=/usr/lib/gcc/armv7hl-redhat-linux-gnueabi/4.8.5/:/usr/lib/gcc/armv7hl-redhat-linux-gnueabi/4.8.5/../../../:/lib/:/usr/lib/]
  ignore line: [COLLECT_GCC_OPTIONS='-v' '-o' 'cmTryCompileExec978357965' '-rdynamic' '-shared-libgcc' '-march=armv7-a' '-mtune=cortex-a8' '-mfloat-abi=hard' '-mfpu=vfpv3-d16' '-mabi=aapcs-linux' '-mtls-dialect=gnu']
  link line: [ /usr/libexec/gcc/armv7hl-redhat-linux-gnueabi/4.8.5/collect2 --build-id --no-add-needed --eh-frame-hdr --hash-style=gnu -export-dynamic -dynamic-linker /lib/ld-linux-armhf.so.3 -X -m armelf_linux_eabi -o cmTryCompileExec978357965 /usr/lib/gcc/armv7hl-redhat-linux-gnueabi/4.8.5/../../../crt1.o /usr/lib/gcc/armv7hl-redhat-linux-gnueabi/4.8.5/../../../crti.o /usr/lib/gcc/armv7hl-redhat-linux-gnueabi/4.8.5/crtbegin.o -L/usr/lib/gcc/armv7hl-redhat-linux-gnueabi/4.8.5 -L/usr/lib/gcc/armv7hl-redhat-linux-gnueabi/4.8.5/../../.. CMakeFiles/cmTryCompileExec978357965.dir/CMakeCXXCompilerABI.cpp.o -lstdc++ -lm -lgcc_s -lgcc -lc -lgcc_s -lgcc /usr/lib/gcc/armv7hl-redhat-linux-gnueabi/4.8.5/crtend.o /usr/lib/gcc/armv7hl-redhat-linux-gnueabi/4.8.5/../../../crtn.o]
    arg [/usr/libexec/gcc/armv7hl-redhat-linux-gnueabi/4.8.5/collect2] ==> ignore
    arg [--build-id] ==> ignore
    arg [--no-add-needed] ==> ignore
    arg [--eh-frame-hdr] ==> ignore
    arg [--hash-style=gnu] ==> ignore
    arg [-export-dynamic] ==> ignore
    arg [-dynamic-linker] ==> ignore
    arg [/lib/ld-linux-armhf.so.3] ==> ignore
    arg [-X] ==> ignore
    arg [-m] ==> ignore
    arg [armelf_linux_eabi] ==> ignore
    arg [-o] ==> ignore
    arg [cmTryCompileExec978357965] ==> ignore
    arg [/usr/lib/gcc/armv7hl-redhat-linux-gnueabi/4.8.5/../../../crt1.o] ==> ignore
    arg [/usr/lib/gcc/armv7hl-redhat-linux-gnueabi/4.8.5/../../../crti.o] ==> ignore
    arg [/usr/lib/gcc/armv7hl-redhat-linux-gnueabi/4.8.5/crtbegin.o] ==> ignore
    arg [-L/usr/lib/gcc/armv7hl-redhat-linux-gnueabi/4.8.5] ==> dir [/usr/lib/gcc/armv7hl-redhat-linux-gnueabi/4.8.5]
    arg [-L/usr/lib/gcc/armv7hl-redhat-linux-gnueabi/4.8.5/../../..] ==> dir [/usr/lib/gcc/armv7hl-redhat-linux-gnueabi/4.8.5/../../..]
    arg [CMakeFiles/cmTryCompileExec978357965.dir/CMakeCXXCompilerABI.cpp.o] ==> ignore
    arg [-lstdc++] ==> lib [stdc++]
    arg [-lm] ==> lib [m]
    arg [-lgcc_s] ==> lib [gcc_s]
    arg [-lgcc] ==> lib [gcc]
    arg [-lc] ==> lib [c]
    arg [-lgcc_s] ==> lib [gcc_s]
    arg [-lgcc] ==> lib [gcc]
    arg [/usr/lib/gcc/armv7hl-redhat-linux-gnueabi/4.8.5/crtend.o] ==> ignore
    arg [/usr/lib/gcc/armv7hl-redhat-linux-gnueabi/4.8.5/../../../crtn.o] ==> ignore
  remove lib [gcc_s]
  remove lib [gcc]
  remove lib [gcc_s]
  remove lib [gcc]
  collapse library dir [/usr/lib/gcc/armv7hl-redhat-linux-gnueabi/4.8.5] ==> [/usr/lib/gcc/armv7hl-redhat-linux-gnueabi/4.8.5]
  collapse library dir [/usr/lib/gcc/armv7hl-redhat-linux-gnueabi/4.8.5/../../..] ==> [/usr/lib]
  implicit libs: [stdc++;m;c]
  implicit dirs: [/usr/lib/gcc/armv7hl-redhat-linux-gnueabi/4.8.5;/usr/lib]
  implicit fwks: []


The system is: Linux - 5.4.0-xilinx-v2020.1 - armv7l
Compiling the C compiler identification source file "CMakeCCompilerId.c" succeeded.
Compiler: /usr/bin/cc 
Build flags: 
Id flags:  

The output was:
0


Compilation of the C compiler identification source "CMakeCCompilerId.c" produced "a.out"

The C compiler identification is GNU, found in "/root/UF_IPMC/SRC/CMakeFiles/3.11.4/CompilerIdC/a.out"

Compiling the CXX compiler identification source file "CMakeCXXCompilerId.cpp" succeeded.
Compiler: /usr/bin/c++ 
Build flags: 
Id flags:  

The output was:
0


Compilation of the CXX compiler identification source "CMakeCXXCompilerId.cpp" produced "a.out"

The CXX compiler identification is GNU, found in "/root/UF_IPMC/SRC/CMakeFiles/3.11.4/CompilerIdCXX/a.out"

Determining if the C compiler works passed with the following output:
Change Dir: /root/UF_IPMC/SRC/CMakeFiles/CMakeTmp

Run Build Command:"/usr/bin/gmake" "cmTC_b99c4/fast"
gmake[1]: Entering directory '/root/UF_IPMC/SRC/CMakeFiles/CMakeTmp'
/usr/bin/gmake -f CMakeFiles/cmTC_b99c4.dir/build.make CMakeFiles/cmTC_b99c4.dir/build
gmake[2]: Entering directory '/root/UF_IPMC/SRC/CMakeFiles/CMakeTmp'
Building C object CMakeFiles/cmTC_b99c4.dir/testCCompiler.c.o
/usr/bin/cc    -o CMakeFiles/cmTC_b99c4.dir/testCCompiler.c.o   -c /root/UF_IPMC/SRC/CMakeFiles/CMakeTmp/testCCompiler.c
Linking C executable cmTC_b99c4
/usr/bin/cmake -E cmake_link_script CMakeFiles/cmTC_b99c4.dir/link.txt --verbose=1
/usr/bin/cc      -rdynamic CMakeFiles/cmTC_b99c4.dir/testCCompiler.c.o  -o cmTC_b99c4 
gmake[2]: Leaving directory '/root/UF_IPMC/SRC/CMakeFiles/CMakeTmp'
gmake[1]: Leaving directory '/root/UF_IPMC/SRC/CMakeFiles/CMakeTmp'


Detecting C compiler ABI info compiled with the following output:
Change Dir: /root/UF_IPMC/SRC/CMakeFiles/CMakeTmp

Run Build Command:"/usr/bin/gmake" "cmTC_2de33/fast"
gmake[1]: Entering directory '/root/UF_IPMC/SRC/CMakeFiles/CMakeTmp'
/usr/bin/gmake -f CMakeFiles/cmTC_2de33.dir/build.make CMakeFiles/cmTC_2de33.dir/build
gmake[2]: Entering directory '/root/UF_IPMC/SRC/CMakeFiles/CMakeTmp'
Building C object CMakeFiles/cmTC_2de33.dir/CMakeCCompilerABI.c.o
/usr/bin/cc    -o CMakeFiles/cmTC_2de33.dir/CMakeCCompilerABI.c.o   -c /usr/share/cmake/Modules/CMakeCCompilerABI.c
Linking C executable cmTC_2de33
/usr/bin/cmake -E cmake_link_script CMakeFiles/cmTC_2de33.dir/link.txt --verbose=1
/usr/bin/cc     -v -rdynamic CMakeFiles/cmTC_2de33.dir/CMakeCCompilerABI.c.o  -o cmTC_2de33 
Using built-in specs.
COLLECT_GCC=/usr/bin/cc
COLLECT_LTO_WRAPPER=/usr/libexec/gcc/armv7hl-redhat-linux-gnueabi/8/lto-wrapper
Target: armv7hl-redhat-linux-gnueabi
Configured with: ../configure --enable-bootstrap --enable-languages=c,c++,fortran,lto --prefix=/usr --mandir=/usr/share/man --infodir=/usr/share/info --with-bugurl=http://bugzilla.redhat.com/bugzilla --enable-shared --enable-threads=posix --enable-checking=release --enable-multilib --with-system-zlib --enable-__cxa_atexit --disable-libunwind-exceptions --enable-gnu-unique-object --enable-linker-build-id --with-gcc-major-version-only --with-linker-hash-style=gnu --enable-plugin --enable-initfini-array --with-isl --disable-libmpx --enable-gnu-indirect-function --disable-sjlj-exceptions --with-tune=generic-armv7-a --with-arch=armv7-a --with-float=hard --with-fpu=vfpv3-d16 --with-abi=aapcs-linux --build=armv7hl-redhat-linux-gnueabi
Thread model: posix
gcc version 8.3.1 20190507 (Red Hat 8.3.1-4) (GCC) 
COMPILER_PATH=/usr/libexec/gcc/armv7hl-redhat-linux-gnueabi/8/:/usr/libexec/gcc/armv7hl-redhat-linux-gnueabi/8/:/usr/libexec/gcc/armv7hl-redhat-linux-gnueabi/:/usr/lib/gcc/armv7hl-redhat-linux-gnueabi/8/:/usr/lib/gcc/armv7hl-redhat-linux-gnueabi/
LIBRARY_PATH=/usr/lib/gcc/armv7hl-redhat-linux-gnueabi/8/:/usr/lib/gcc/armv7hl-redhat-linux-gnueabi/8/../../../:/lib/:/usr/lib/
COLLECT_GCC_OPTIONS='-v' '-rdynamic' '-o' 'cmTC_2de33'  '-mtune=generic-armv7-a' '-mfloat-abi=hard' '-mfpu=vfpv3-d16' '-mabi=aapcs-linux' '-mtls-dialect=gnu' '-marm' '-march=armv7-a+fp'
 /usr/libexec/gcc/armv7hl-redhat-linux-gnueabi/8/collect2 -plugin /usr/libexec/gcc/armv7hl-redhat-linux-gnueabi/8/liblto_plugin.so -plugin-opt=/usr/libexec/gcc/armv7hl-redhat-linux-gnueabi/8/lto-wrapper -plugin-opt=-fresolution=/tmp/ccN5TFxc.res -plugin-opt=-pass-through=-lgcc -plugin-opt=-pass-through=-lgcc_s -plugin-opt=-pass-through=-lc -plugin-opt=-pass-through=-lgcc -plugin-opt=-pass-through=-lgcc_s --build-id --no-add-needed --eh-frame-hdr --hash-style=gnu -export-dynamic -dynamic-linker /lib/ld-linux-armhf.so.3 -X -m armelf_linux_eabi -o cmTC_2de33 /usr/lib/gcc/armv7hl-redhat-linux-gnueabi/8/../../../crt1.o /usr/lib/gcc/armv7hl-redhat-linux-gnueabi/8/../../../crti.o /usr/lib/gcc/armv7hl-redhat-linux-gnueabi/8/crtbegin.o -L/usr/lib/gcc/armv7hl-redhat-linux-gnueabi/8 -L/usr/lib/gcc/armv7hl-redhat-linux-gnueabi/8/../../.. CMakeFiles/cmTC_2de33.dir/CMakeCCompilerABI.c.o -lgcc --as-needed -lgcc_s --no-as-needed -lc -lgcc --as-needed -lgcc_s --no-as-needed /usr/lib/gcc/armv7hl-redhat-linux-gnueabi/8/crtend.o /usr/lib/gcc/armv7hl-redhat-linux-gnueabi/8/../../../crtn.o
COLLECT_GCC_OPTIONS='-v' '-rdynamic' '-o' 'cmTC_2de33'  '-mtune=generic-armv7-a' '-mfloat-abi=hard' '-mfpu=vfpv3-d16' '-mabi=aapcs-linux' '-mtls-dialect=gnu' '-marm' '-march=armv7-a+fp'
gmake[2]: Leaving directory '/root/UF_IPMC/SRC/CMakeFiles/CMakeTmp'
gmake[1]: Leaving directory '/root/UF_IPMC/SRC/CMakeFiles/CMakeTmp'


Parsed C implicit link information from above output:
  link line regex: [^( *|.*[/\])(ld|CMAKE_LINK_STARTFILE-NOTFOUND|([^/\]+-)?ld|collect2)[^/\]*( |$)]
  ignore line: [Change Dir: /root/UF_IPMC/SRC/CMakeFiles/CMakeTmp]
  ignore line: []
  ignore line: [Run Build Command:"/usr/bin/gmake" "cmTC_2de33/fast"]
  ignore line: [gmake[1]: Entering directory '/root/UF_IPMC/SRC/CMakeFiles/CMakeTmp']
  ignore line: [/usr/bin/gmake -f CMakeFiles/cmTC_2de33.dir/build.make CMakeFiles/cmTC_2de33.dir/build]
  ignore line: [gmake[2]: Entering directory '/root/UF_IPMC/SRC/CMakeFiles/CMakeTmp']
  ignore line: [Building C object CMakeFiles/cmTC_2de33.dir/CMakeCCompilerABI.c.o]
  ignore line: [/usr/bin/cc    -o CMakeFiles/cmTC_2de33.dir/CMakeCCompilerABI.c.o   -c /usr/share/cmake/Modules/CMakeCCompilerABI.c]
  ignore line: [Linking C executable cmTC_2de33]
  ignore line: [/usr/bin/cmake -E cmake_link_script CMakeFiles/cmTC_2de33.dir/link.txt --verbose=1]
  ignore line: [/usr/bin/cc     -v -rdynamic CMakeFiles/cmTC_2de33.dir/CMakeCCompilerABI.c.o  -o cmTC_2de33 ]
  ignore line: [Using built-in specs.]
  ignore line: [COLLECT_GCC=/usr/bin/cc]
  ignore line: [COLLECT_LTO_WRAPPER=/usr/libexec/gcc/armv7hl-redhat-linux-gnueabi/8/lto-wrapper]
  ignore line: [Target: armv7hl-redhat-linux-gnueabi]
  ignore line: [Configured with: ../configure --enable-bootstrap --enable-languages=c,c++,fortran,lto --prefix=/usr --mandir=/usr/share/man --infodir=/usr/share/info --with-bugurl=http://bugzilla.redhat.com/bugzilla --enable-shared --enable-threads=posix --enable-checking=release --enable-multilib --with-system-zlib --enable-__cxa_atexit --disable-libunwind-exceptions --enable-gnu-unique-object --enable-linker-build-id --with-gcc-major-version-only --with-linker-hash-style=gnu --enable-plugin --enable-initfini-array --with-isl --disable-libmpx --enable-gnu-indirect-function --disable-sjlj-exceptions --with-tune=generic-armv7-a --with-arch=armv7-a --with-float=hard --with-fpu=vfpv3-d16 --with-abi=aapcs-linux --build=armv7hl-redhat-linux-gnueabi]
  ignore line: [Thread model: posix]
  ignore line: [gcc version 8.3.1 20190507 (Red Hat 8.3.1-4) (GCC) ]
  ignore line: [COMPILER_PATH=/usr/libexec/gcc/armv7hl-redhat-linux-gnueabi/8/:/usr/libexec/gcc/armv7hl-redhat-linux-gnueabi/8/:/usr/libexec/gcc/armv7hl-redhat-linux-gnueabi/:/usr/lib/gcc/armv7hl-redhat-linux-gnueabi/8/:/usr/lib/gcc/armv7hl-redhat-linux-gnueabi/]
  ignore line: [LIBRARY_PATH=/usr/lib/gcc/armv7hl-redhat-linux-gnueabi/8/:/usr/lib/gcc/armv7hl-redhat-linux-gnueabi/8/../../../:/lib/:/usr/lib/]
  ignore line: [COLLECT_GCC_OPTIONS='-v' '-rdynamic' '-o' 'cmTC_2de33'  '-mtune=generic-armv7-a' '-mfloat-abi=hard' '-mfpu=vfpv3-d16' '-mabi=aapcs-linux' '-mtls-dialect=gnu' '-marm' '-march=armv7-a+fp']
  link line: [ /usr/libexec/gcc/armv7hl-redhat-linux-gnueabi/8/collect2 -plugin /usr/libexec/gcc/armv7hl-redhat-linux-gnueabi/8/liblto_plugin.so -plugin-opt=/usr/libexec/gcc/armv7hl-redhat-linux-gnueabi/8/lto-wrapper -plugin-opt=-fresolution=/tmp/ccN5TFxc.res -plugin-opt=-pass-through=-lgcc -plugin-opt=-pass-through=-lgcc_s -plugin-opt=-pass-through=-lc -plugin-opt=-pass-through=-lgcc -plugin-opt=-pass-through=-lgcc_s --build-id --no-add-needed --eh-frame-hdr --hash-style=gnu -export-dynamic -dynamic-linker /lib/ld-linux-armhf.so.3 -X -m armelf_linux_eabi -o cmTC_2de33 /usr/lib/gcc/armv7hl-redhat-linux-gnueabi/8/../../../crt1.o /usr/lib/gcc/armv7hl-redhat-linux-gnueabi/8/../../../crti.o /usr/lib/gcc/armv7hl-redhat-linux-gnueabi/8/crtbegin.o -L/usr/lib/gcc/armv7hl-redhat-linux-gnueabi/8 -L/usr/lib/gcc/armv7hl-redhat-linux-gnueabi/8/../../.. CMakeFiles/cmTC_2de33.dir/CMakeCCompilerABI.c.o -lgcc --as-needed -lgcc_s --no-as-needed -lc -lgcc --as-needed -lgcc_s --no-as-needed /usr/lib/gcc/armv7hl-redhat-linux-gnueabi/8/crtend.o /usr/lib/gcc/armv7hl-redhat-linux-gnueabi/8/../../../crtn.o]
    arg [/usr/libexec/gcc/armv7hl-redhat-linux-gnueabi/8/collect2] ==> ignore
    arg [-plugin] ==> ignore
    arg [/usr/libexec/gcc/armv7hl-redhat-linux-gnueabi/8/liblto_plugin.so] ==> ignore
    arg [-plugin-opt=/usr/libexec/gcc/armv7hl-redhat-linux-gnueabi/8/lto-wrapper] ==> ignore
    arg [-plugin-opt=-fresolution=/tmp/ccN5TFxc.res] ==> ignore
    arg [-plugin-opt=-pass-through=-lgcc] ==> ignore
    arg [-plugin-opt=-pass-through=-lgcc_s] ==> ignore
    arg [-plugin-opt=-pass-through=-lc] ==> ignore
    arg [-plugin-opt=-pass-through=-lgcc] ==> ignore
    arg [-plugin-opt=-pass-through=-lgcc_s] ==> ignore
    arg [--build-id] ==> ignore
    arg [--no-add-needed] ==> ignore
    arg [--eh-frame-hdr] ==> ignore
    arg [--hash-style=gnu] ==> ignore
    arg [-export-dynamic] ==> ignore
    arg [-dynamic-linker] ==> ignore
    arg [/lib/ld-linux-armhf.so.3] ==> ignore
    arg [-X] ==> ignore
    arg [-m] ==> ignore
    arg [armelf_linux_eabi] ==> ignore
    arg [-o] ==> ignore
    arg [cmTC_2de33] ==> ignore
    arg [/usr/lib/gcc/armv7hl-redhat-linux-gnueabi/8/../../../crt1.o] ==> ignore
    arg [/usr/lib/gcc/armv7hl-redhat-linux-gnueabi/8/../../../crti.o] ==> ignore
    arg [/usr/lib/gcc/armv7hl-redhat-linux-gnueabi/8/crtbegin.o] ==> ignore
    arg [-L/usr/lib/gcc/armv7hl-redhat-linux-gnueabi/8] ==> dir [/usr/lib/gcc/armv7hl-redhat-linux-gnueabi/8]
    arg [-L/usr/lib/gcc/armv7hl-redhat-linux-gnueabi/8/../../..] ==> dir [/usr/lib/gcc/armv7hl-redhat-linux-gnueabi/8/../../..]
    arg [CMakeFiles/cmTC_2de33.dir/CMakeCCompilerABI.c.o] ==> ignore
    arg [-lgcc] ==> lib [gcc]
    arg [--as-needed] ==> ignore
    arg [-lgcc_s] ==> lib [gcc_s]
    arg [--no-as-needed] ==> ignore
    arg [-lc] ==> lib [c]
    arg [-lgcc] ==> lib [gcc]
    arg [--as-needed] ==> ignore
    arg [-lgcc_s] ==> lib [gcc_s]
    arg [--no-as-needed] ==> ignore
    arg [/usr/lib/gcc/armv7hl-redhat-linux-gnueabi/8/crtend.o] ==> ignore
    arg [/usr/lib/gcc/armv7hl-redhat-linux-gnueabi/8/../../../crtn.o] ==> ignore
  collapse library dir [/usr/lib/gcc/armv7hl-redhat-linux-gnueabi/8] ==> [/usr/lib/gcc/armv7hl-redhat-linux-gnueabi/8]
  collapse library dir [/usr/lib/gcc/armv7hl-redhat-linux-gnueabi/8/../../..] ==> [/usr/lib]
  implicit libs: [gcc;gcc_s;c;gcc;gcc_s]
  implicit dirs: [/usr/lib/gcc/armv7hl-redhat-linux-gnueabi/8;/usr/lib]
  implicit fwks: []




Detecting C [-std=c11] compiler features compiled with the following output:
Change Dir: /root/UF_IPMC/SRC/CMakeFiles/CMakeTmp

Run Build Command:"/usr/bin/gmake" "cmTC_903d0/fast"
gmake[1]: Entering directory '/root/UF_IPMC/SRC/CMakeFiles/CMakeTmp'
/usr/bin/gmake -f CMakeFiles/cmTC_903d0.dir/build.make CMakeFiles/cmTC_903d0.dir/build
gmake[2]: Entering directory '/root/UF_IPMC/SRC/CMakeFiles/CMakeTmp'
Building C object CMakeFiles/cmTC_903d0.dir/feature_tests.c.o
/usr/bin/cc   -std=c11 -o CMakeFiles/cmTC_903d0.dir/feature_tests.c.o   -c /root/UF_IPMC/SRC/CMakeFiles/feature_tests.c
Linking C executable cmTC_903d0
/usr/bin/cmake -E cmake_link_script CMakeFiles/cmTC_903d0.dir/link.txt --verbose=1
/usr/bin/cc      -rdynamic CMakeFiles/cmTC_903d0.dir/feature_tests.c.o  -o cmTC_903d0 
gmake[2]: Leaving directory '/root/UF_IPMC/SRC/CMakeFiles/CMakeTmp'
gmake[1]: Leaving directory '/root/UF_IPMC/SRC/CMakeFiles/CMakeTmp'


    Feature record: C_FEATURE:1c_function_prototypes
    Feature record: C_FEATURE:1c_restrict
    Feature record: C_FEATURE:1c_static_assert
    Feature record: C_FEATURE:1c_variadic_macros


Detecting C [-std=c99] compiler features compiled with the following output:
Change Dir: /root/UF_IPMC/SRC/CMakeFiles/CMakeTmp

Run Build Command:"/usr/bin/gmake" "cmTC_b9979/fast"
gmake[1]: Entering directory '/root/UF_IPMC/SRC/CMakeFiles/CMakeTmp'
/usr/bin/gmake -f CMakeFiles/cmTC_b9979.dir/build.make CMakeFiles/cmTC_b9979.dir/build
gmake[2]: Entering directory '/root/UF_IPMC/SRC/CMakeFiles/CMakeTmp'
Building C object CMakeFiles/cmTC_b9979.dir/feature_tests.c.o
/usr/bin/cc   -std=c99 -o CMakeFiles/cmTC_b9979.dir/feature_tests.c.o   -c /root/UF_IPMC/SRC/CMakeFiles/feature_tests.c
Linking C executable cmTC_b9979
/usr/bin/cmake -E cmake_link_script CMakeFiles/cmTC_b9979.dir/link.txt --verbose=1
/usr/bin/cc      -rdynamic CMakeFiles/cmTC_b9979.dir/feature_tests.c.o  -o cmTC_b9979 
gmake[2]: Leaving directory '/root/UF_IPMC/SRC/CMakeFiles/CMakeTmp'
gmake[1]: Leaving directory '/root/UF_IPMC/SRC/CMakeFiles/CMakeTmp'


    Feature record: C_FEATURE:1c_function_prototypes
    Feature record: C_FEATURE:1c_restrict
    Feature record: C_FEATURE:0c_static_assert
    Feature record: C_FEATURE:1c_variadic_macros


Detecting C [-std=c90] compiler features compiled with the following output:
Change Dir: /root/UF_IPMC/SRC/CMakeFiles/CMakeTmp

Run Build Command:"/usr/bin/gmake" "cmTC_dc8cf/fast"
gmake[1]: Entering directory '/root/UF_IPMC/SRC/CMakeFiles/CMakeTmp'
/usr/bin/gmake -f CMakeFiles/cmTC_dc8cf.dir/build.make CMakeFiles/cmTC_dc8cf.dir/build
gmake[2]: Entering directory '/root/UF_IPMC/SRC/CMakeFiles/CMakeTmp'
Building C object CMakeFiles/cmTC_dc8cf.dir/feature_tests.c.o
/usr/bin/cc   -std=c90 -o CMakeFiles/cmTC_dc8cf.dir/feature_tests.c.o   -c /root/UF_IPMC/SRC/CMakeFiles/feature_tests.c
Linking C executable cmTC_dc8cf
/usr/bin/cmake -E cmake_link_script CMakeFiles/cmTC_dc8cf.dir/link.txt --verbose=1
/usr/bin/cc      -rdynamic CMakeFiles/cmTC_dc8cf.dir/feature_tests.c.o  -o cmTC_dc8cf 
gmake[2]: Leaving directory '/root/UF_IPMC/SRC/CMakeFiles/CMakeTmp'
gmake[1]: Leaving directory '/root/UF_IPMC/SRC/CMakeFiles/CMakeTmp'


    Feature record: C_FEATURE:1c_function_prototypes
    Feature record: C_FEATURE:0c_restrict
    Feature record: C_FEATURE:0c_static_assert
    Feature record: C_FEATURE:0c_variadic_macros
Determining if the CXX compiler works passed with the following output:
Change Dir: /root/UF_IPMC/SRC/CMakeFiles/CMakeTmp

Run Build Command:"/usr/bin/gmake" "cmTC_5a0c8/fast"
gmake[1]: Entering directory '/root/UF_IPMC/SRC/CMakeFiles/CMakeTmp'
/usr/bin/gmake -f CMakeFiles/cmTC_5a0c8.dir/build.make CMakeFiles/cmTC_5a0c8.dir/build
gmake[2]: Entering directory '/root/UF_IPMC/SRC/CMakeFiles/CMakeTmp'
Building CXX object CMakeFiles/cmTC_5a0c8.dir/testCXXCompiler.cxx.o
/usr/bin/c++     -o CMakeFiles/cmTC_5a0c8.dir/testCXXCompiler.cxx.o -c /root/UF_IPMC/SRC/CMakeFiles/CMakeTmp/testCXXCompiler.cxx
Linking CXX executable cmTC_5a0c8
/usr/bin/cmake -E cmake_link_script CMakeFiles/cmTC_5a0c8.dir/link.txt --verbose=1
/usr/bin/c++       -rdynamic CMakeFiles/cmTC_5a0c8.dir/testCXXCompiler.cxx.o  -o cmTC_5a0c8 
gmake[2]: Leaving directory '/root/UF_IPMC/SRC/CMakeFiles/CMakeTmp'
gmake[1]: Leaving directory '/root/UF_IPMC/SRC/CMakeFiles/CMakeTmp'


Detecting CXX compiler ABI info compiled with the following output:
Change Dir: /root/UF_IPMC/SRC/CMakeFiles/CMakeTmp

Run Build Command:"/usr/bin/gmake" "cmTC_d0f7a/fast"
gmake[1]: Entering directory '/root/UF_IPMC/SRC/CMakeFiles/CMakeTmp'
/usr/bin/gmake -f CMakeFiles/cmTC_d0f7a.dir/build.make CMakeFiles/cmTC_d0f7a.dir/build
gmake[2]: Entering directory '/root/UF_IPMC/SRC/CMakeFiles/CMakeTmp'
Building CXX object CMakeFiles/cmTC_d0f7a.dir/CMakeCXXCompilerABI.cpp.o
/usr/bin/c++     -o CMakeFiles/cmTC_d0f7a.dir/CMakeCXXCompilerABI.cpp.o -c /usr/share/cmake/Modules/CMakeCXXCompilerABI.cpp
Linking CXX executable cmTC_d0f7a
/usr/bin/cmake -E cmake_link_script CMakeFiles/cmTC_d0f7a.dir/link.txt --verbose=1
/usr/bin/c++      -v -rdynamic CMakeFiles/cmTC_d0f7a.dir/CMakeCXXCompilerABI.cpp.o  -o cmTC_d0f7a 
Using built-in specs.
COLLECT_GCC=/usr/bin/c++
COLLECT_LTO_WRAPPER=/usr/libexec/gcc/armv7hl-redhat-linux-gnueabi/8/lto-wrapper
Target: armv7hl-redhat-linux-gnueabi
Configured with: ../configure --enable-bootstrap --enable-languages=c,c++,fortran,lto --prefix=/usr --mandir=/usr/share/man --infodir=/usr/share/info --with-bugurl=http://bugzilla.redhat.com/bugzilla --enable-shared --enable-threads=posix --enable-checking=release --enable-multilib --with-system-zlib --enable-__cxa_atexit --disable-libunwind-exceptions --enable-gnu-unique-object --enable-linker-build-id --with-gcc-major-version-only --with-linker-hash-style=gnu --enable-plugin --enable-initfini-array --with-isl --disable-libmpx --enable-gnu-indirect-function --disable-sjlj-exceptions --with-tune=generic-armv7-a --with-arch=armv7-a --with-float=hard --with-fpu=vfpv3-d16 --with-abi=aapcs-linux --build=armv7hl-redhat-linux-gnueabi
Thread model: posix
gcc version 8.3.1 20190507 (Red Hat 8.3.1-4) (GCC) 
COMPILER_PATH=/usr/libexec/gcc/armv7hl-redhat-linux-gnueabi/8/:/usr/libexec/gcc/armv7hl-redhat-linux-gnueabi/8/:/usr/libexec/gcc/armv7hl-redhat-linux-gnueabi/:/usr/lib/gcc/armv7hl-redhat-linux-gnueabi/8/:/usr/lib/gcc/armv7hl-redhat-linux-gnueabi/
LIBRARY_PATH=/usr/lib/gcc/armv7hl-redhat-linux-gnueabi/8/:/usr/lib/gcc/armv7hl-redhat-linux-gnueabi/8/../../../:/lib/:/usr/lib/
COLLECT_GCC_OPTIONS='-v' '-rdynamic' '-o' 'cmTC_d0f7a' '-shared-libgcc'  '-mtune=generic-armv7-a' '-mfloat-abi=hard' '-mfpu=vfpv3-d16' '-mabi=aapcs-linux' '-mtls-dialect=gnu' '-marm' '-march=armv7-a+fp'
 /usr/libexec/gcc/armv7hl-redhat-linux-gnueabi/8/collect2 -plugin /usr/libexec/gcc/armv7hl-redhat-linux-gnueabi/8/liblto_plugin.so -plugin-opt=/usr/libexec/gcc/armv7hl-redhat-linux-gnueabi/8/lto-wrapper -plugin-opt=-fresolution=/tmp/cc1FjC32.res -plugin-opt=-pass-through=-lgcc_s -plugin-opt=-pass-through=-lgcc -plugin-opt=-pass-through=-lc -plugin-opt=-pass-through=-lgcc_s -plugin-opt=-pass-through=-lgcc --build-id --no-add-needed --eh-frame-hdr --hash-style=gnu -export-dynamic -dynamic-linker /lib/ld-linux-armhf.so.3 -X -m armelf_linux_eabi -o cmTC_d0f7a /usr/lib/gcc/armv7hl-redhat-linux-gnueabi/8/../../../crt1.o /usr/lib/gcc/armv7hl-redhat-linux-gnueabi/8/../../../crti.o /usr/lib/gcc/armv7hl-redhat-linux-gnueabi/8/crtbegin.o -L/usr/lib/gcc/armv7hl-redhat-linux-gnueabi/8 -L/usr/lib/gcc/armv7hl-redhat-linux-gnueabi/8/../../.. CMakeFiles/cmTC_d0f7a.dir/CMakeCXXCompilerABI.cpp.o -lstdc++ -lm -lgcc_s -lgcc -lc -lgcc_s -lgcc /usr/lib/gcc/armv7hl-redhat-linux-gnueabi/8/crtend.o /usr/lib/gcc/armv7hl-redhat-linux-gnueabi/8/../../../crtn.o
COLLECT_GCC_OPTIONS='-v' '-rdynamic' '-o' 'cmTC_d0f7a' '-shared-libgcc'  '-mtune=generic-armv7-a' '-mfloat-abi=hard' '-mfpu=vfpv3-d16' '-mabi=aapcs-linux' '-mtls-dialect=gnu' '-marm' '-march=armv7-a+fp'
gmake[2]: Leaving directory '/root/UF_IPMC/SRC/CMakeFiles/CMakeTmp'
gmake[1]: Leaving directory '/root/UF_IPMC/SRC/CMakeFiles/CMakeTmp'


Parsed CXX implicit link information from above output:
  link line regex: [^( *|.*[/\])(ld|CMAKE_LINK_STARTFILE-NOTFOUND|([^/\]+-)?ld|collect2)[^/\]*( |$)]
  ignore line: [Change Dir: /root/UF_IPMC/SRC/CMakeFiles/CMakeTmp]
  ignore line: []
  ignore line: [Run Build Command:"/usr/bin/gmake" "cmTC_d0f7a/fast"]
  ignore line: [gmake[1]: Entering directory '/root/UF_IPMC/SRC/CMakeFiles/CMakeTmp']
  ignore line: [/usr/bin/gmake -f CMakeFiles/cmTC_d0f7a.dir/build.make CMakeFiles/cmTC_d0f7a.dir/build]
  ignore line: [gmake[2]: Entering directory '/root/UF_IPMC/SRC/CMakeFiles/CMakeTmp']
  ignore line: [Building CXX object CMakeFiles/cmTC_d0f7a.dir/CMakeCXXCompilerABI.cpp.o]
  ignore line: [/usr/bin/c++     -o CMakeFiles/cmTC_d0f7a.dir/CMakeCXXCompilerABI.cpp.o -c /usr/share/cmake/Modules/CMakeCXXCompilerABI.cpp]
  ignore line: [Linking CXX executable cmTC_d0f7a]
  ignore line: [/usr/bin/cmake -E cmake_link_script CMakeFiles/cmTC_d0f7a.dir/link.txt --verbose=1]
  ignore line: [/usr/bin/c++      -v -rdynamic CMakeFiles/cmTC_d0f7a.dir/CMakeCXXCompilerABI.cpp.o  -o cmTC_d0f7a ]
  ignore line: [Using built-in specs.]
  ignore line: [COLLECT_GCC=/usr/bin/c++]
  ignore line: [COLLECT_LTO_WRAPPER=/usr/libexec/gcc/armv7hl-redhat-linux-gnueabi/8/lto-wrapper]
  ignore line: [Target: armv7hl-redhat-linux-gnueabi]
  ignore line: [Configured with: ../configure --enable-bootstrap --enable-languages=c,c++,fortran,lto --prefix=/usr --mandir=/usr/share/man --infodir=/usr/share/info --with-bugurl=http://bugzilla.redhat.com/bugzilla --enable-shared --enable-threads=posix --enable-checking=release --enable-multilib --with-system-zlib --enable-__cxa_atexit --disable-libunwind-exceptions --enable-gnu-unique-object --enable-linker-build-id --with-gcc-major-version-only --with-linker-hash-style=gnu --enable-plugin --enable-initfini-array --with-isl --disable-libmpx --enable-gnu-indirect-function --disable-sjlj-exceptions --with-tune=generic-armv7-a --with-arch=armv7-a --with-float=hard --with-fpu=vfpv3-d16 --with-abi=aapcs-linux --build=armv7hl-redhat-linux-gnueabi]
  ignore line: [Thread model: posix]
  ignore line: [gcc version 8.3.1 20190507 (Red Hat 8.3.1-4) (GCC) ]
  ignore line: [COMPILER_PATH=/usr/libexec/gcc/armv7hl-redhat-linux-gnueabi/8/:/usr/libexec/gcc/armv7hl-redhat-linux-gnueabi/8/:/usr/libexec/gcc/armv7hl-redhat-linux-gnueabi/:/usr/lib/gcc/armv7hl-redhat-linux-gnueabi/8/:/usr/lib/gcc/armv7hl-redhat-linux-gnueabi/]
  ignore line: [LIBRARY_PATH=/usr/lib/gcc/armv7hl-redhat-linux-gnueabi/8/:/usr/lib/gcc/armv7hl-redhat-linux-gnueabi/8/../../../:/lib/:/usr/lib/]
  ignore line: [COLLECT_GCC_OPTIONS='-v' '-rdynamic' '-o' 'cmTC_d0f7a' '-shared-libgcc'  '-mtune=generic-armv7-a' '-mfloat-abi=hard' '-mfpu=vfpv3-d16' '-mabi=aapcs-linux' '-mtls-dialect=gnu' '-marm' '-march=armv7-a+fp']
  link line: [ /usr/libexec/gcc/armv7hl-redhat-linux-gnueabi/8/collect2 -plugin /usr/libexec/gcc/armv7hl-redhat-linux-gnueabi/8/liblto_plugin.so -plugin-opt=/usr/libexec/gcc/armv7hl-redhat-linux-gnueabi/8/lto-wrapper -plugin-opt=-fresolution=/tmp/cc1FjC32.res -plugin-opt=-pass-through=-lgcc_s -plugin-opt=-pass-through=-lgcc -plugin-opt=-pass-through=-lc -plugin-opt=-pass-through=-lgcc_s -plugin-opt=-pass-through=-lgcc --build-id --no-add-needed --eh-frame-hdr --hash-style=gnu -export-dynamic -dynamic-linker /lib/ld-linux-armhf.so.3 -X -m armelf_linux_eabi -o cmTC_d0f7a /usr/lib/gcc/armv7hl-redhat-linux-gnueabi/8/../../../crt1.o /usr/lib/gcc/armv7hl-redhat-linux-gnueabi/8/../../../crti.o /usr/lib/gcc/armv7hl-redhat-linux-gnueabi/8/crtbegin.o -L/usr/lib/gcc/armv7hl-redhat-linux-gnueabi/8 -L/usr/lib/gcc/armv7hl-redhat-linux-gnueabi/8/../../.. CMakeFiles/cmTC_d0f7a.dir/CMakeCXXCompilerABI.cpp.o -lstdc++ -lm -lgcc_s -lgcc -lc -lgcc_s -lgcc /usr/lib/gcc/armv7hl-redhat-linux-gnueabi/8/crtend.o /usr/lib/gcc/armv7hl-redhat-linux-gnueabi/8/../../../crtn.o]
    arg [/usr/libexec/gcc/armv7hl-redhat-linux-gnueabi/8/collect2] ==> ignore
    arg [-plugin] ==> ignore
    arg [/usr/libexec/gcc/armv7hl-redhat-linux-gnueabi/8/liblto_plugin.so] ==> ignore
    arg [-plugin-opt=/usr/libexec/gcc/armv7hl-redhat-linux-gnueabi/8/lto-wrapper] ==> ignore
    arg [-plugin-opt=-fresolution=/tmp/cc1FjC32.res] ==> ignore
    arg [-plugin-opt=-pass-through=-lgcc_s] ==> ignore
    arg [-plugin-opt=-pass-through=-lgcc] ==> ignore
    arg [-plugin-opt=-pass-through=-lc] ==> ignore
    arg [-plugin-opt=-pass-through=-lgcc_s] ==> ignore
    arg [-plugin-opt=-pass-through=-lgcc] ==> ignore
    arg [--build-id] ==> ignore
    arg [--no-add-needed] ==> ignore
    arg [--eh-frame-hdr] ==> ignore
    arg [--hash-style=gnu] ==> ignore
    arg [-export-dynamic] ==> ignore
    arg [-dynamic-linker] ==> ignore
    arg [/lib/ld-linux-armhf.so.3] ==> ignore
    arg [-X] ==> ignore
    arg [-m] ==> ignore
    arg [armelf_linux_eabi] ==> ignore
    arg [-o] ==> ignore
    arg [cmTC_d0f7a] ==> ignore
    arg [/usr/lib/gcc/armv7hl-redhat-linux-gnueabi/8/../../../crt1.o] ==> ignore
    arg [/usr/lib/gcc/armv7hl-redhat-linux-gnueabi/8/../../../crti.o] ==> ignore
    arg [/usr/lib/gcc/armv7hl-redhat-linux-gnueabi/8/crtbegin.o] ==> ignore
    arg [-L/usr/lib/gcc/armv7hl-redhat-linux-gnueabi/8] ==> dir [/usr/lib/gcc/armv7hl-redhat-linux-gnueabi/8]
    arg [-L/usr/lib/gcc/armv7hl-redhat-linux-gnueabi/8/../../..] ==> dir [/usr/lib/gcc/armv7hl-redhat-linux-gnueabi/8/../../..]
    arg [CMakeFiles/cmTC_d0f7a.dir/CMakeCXXCompilerABI.cpp.o] ==> ignore
    arg [-lstdc++] ==> lib [stdc++]
    arg [-lm] ==> lib [m]
    arg [-lgcc_s] ==> lib [gcc_s]
    arg [-lgcc] ==> lib [gcc]
    arg [-lc] ==> lib [c]
    arg [-lgcc_s] ==> lib [gcc_s]
    arg [-lgcc] ==> lib [gcc]
    arg [/usr/lib/gcc/armv7hl-redhat-linux-gnueabi/8/crtend.o] ==> ignore
    arg [/usr/lib/gcc/armv7hl-redhat-linux-gnueabi/8/../../../crtn.o] ==> ignore
  collapse library dir [/usr/lib/gcc/armv7hl-redhat-linux-gnueabi/8] ==> [/usr/lib/gcc/armv7hl-redhat-linux-gnueabi/8]
  collapse library dir [/usr/lib/gcc/armv7hl-redhat-linux-gnueabi/8/../../..] ==> [/usr/lib]
  implicit libs: [stdc++;m;gcc_s;gcc;c;gcc_s;gcc]
  implicit dirs: [/usr/lib/gcc/armv7hl-redhat-linux-gnueabi/8;/usr/lib]
  implicit fwks: []




Detecting CXX [-std=c++1z] compiler features compiled with the following output:
Change Dir: /root/UF_IPMC/SRC/CMakeFiles/CMakeTmp

Run Build Command:"/usr/bin/gmake" "cmTC_13190/fast"
gmake[1]: Entering directory '/root/UF_IPMC/SRC/CMakeFiles/CMakeTmp'
/usr/bin/gmake -f CMakeFiles/cmTC_13190.dir/build.make CMakeFiles/cmTC_13190.dir/build
gmake[2]: Entering directory '/root/UF_IPMC/SRC/CMakeFiles/CMakeTmp'
Building CXX object CMakeFiles/cmTC_13190.dir/feature_tests.cxx.o
/usr/bin/c++    -std=c++1z -o CMakeFiles/cmTC_13190.dir/feature_tests.cxx.o -c /root/UF_IPMC/SRC/CMakeFiles/feature_tests.cxx
Linking CXX executable cmTC_13190
/usr/bin/cmake -E cmake_link_script CMakeFiles/cmTC_13190.dir/link.txt --verbose=1
/usr/bin/c++       -rdynamic CMakeFiles/cmTC_13190.dir/feature_tests.cxx.o  -o cmTC_13190 
gmake[2]: Leaving directory '/root/UF_IPMC/SRC/CMakeFiles/CMakeTmp'
gmake[1]: Leaving directory '/root/UF_IPMC/SRC/CMakeFiles/CMakeTmp'


    Feature record: CXX_FEATURE:1cxx_aggregate_default_initializers
    Feature record: CXX_FEATURE:1cxx_alias_templates
    Feature record: CXX_FEATURE:1cxx_alignas
    Feature record: CXX_FEATURE:1cxx_alignof
    Feature record: CXX_FEATURE:1cxx_attributes
    Feature record: CXX_FEATURE:1cxx_attribute_deprecated
    Feature record: CXX_FEATURE:1cxx_auto_type
    Feature record: CXX_FEATURE:1cxx_binary_literals
    Feature record: CXX_FEATURE:1cxx_constexpr
    Feature record: CXX_FEATURE:1cxx_contextual_conversions
    Feature record: CXX_FEATURE:1cxx_decltype
    Feature record: CXX_FEATURE:1cxx_decltype_auto
    Feature record: CXX_FEATURE:1cxx_decltype_incomplete_return_types
    Feature record: CXX_FEATURE:1cxx_default_function_template_args
    Feature record: CXX_FEATURE:1cxx_defaulted_functions
    Feature record: CXX_FEATURE:1cxx_defaulted_move_initializers
    Feature record: CXX_FEATURE:1cxx_delegating_constructors
    Feature record: CXX_FEATURE:1cxx_deleted_functions
    Feature record: CXX_FEATURE:1cxx_digit_separators
    Feature record: CXX_FEATURE:1cxx_enum_forward_declarations
    Feature record: CXX_FEATURE:1cxx_explicit_conversions
    Feature record: CXX_FEATURE:1cxx_extended_friend_declarations
    Feature record: CXX_FEATURE:1cxx_extern_templates
    Feature record: CXX_FEATURE:1cxx_final
    Feature record: CXX_FEATURE:1cxx_func_identifier
    Feature record: CXX_FEATURE:1cxx_generalized_initializers
    Feature record: CXX_FEATURE:1cxx_generic_lambdas
    Feature record: CXX_FEATURE:1cxx_inheriting_constructors
    Feature record: CXX_FEATURE:1cxx_inline_namespaces
    Feature record: CXX_FEATURE:1cxx_lambdas
    Feature record: CXX_FEATURE:1cxx_lambda_init_captures
    Feature record: CXX_FEATURE:1cxx_local_type_template_args
    Feature record: CXX_FEATURE:1cxx_long_long_type
    Feature record: CXX_FEATURE:1cxx_noexcept
    Feature record: CXX_FEATURE:1cxx_nonstatic_member_init
    Feature record: CXX_FEATURE:1cxx_nullptr
    Feature record: CXX_FEATURE:1cxx_override
    Feature record: CXX_FEATURE:1cxx_range_for
    Feature record: CXX_FEATURE:1cxx_raw_string_literals
    Feature record: CXX_FEATURE:1cxx_reference_qualified_functions
    Feature record: CXX_FEATURE:1cxx_relaxed_constexpr
    Feature record: CXX_FEATURE:1cxx_return_type_deduction
    Feature record: CXX_FEATURE:1cxx_right_angle_brackets
    Feature record: CXX_FEATURE:1cxx_rvalue_references
    Feature record: CXX_FEATURE:1cxx_sizeof_member
    Feature record: CXX_FEATURE:1cxx_static_assert
    Feature record: CXX_FEATURE:1cxx_strong_enums
    Feature record: CXX_FEATURE:1cxx_template_template_parameters
    Feature record: CXX_FEATURE:1cxx_thread_local
    Feature record: CXX_FEATURE:1cxx_trailing_return_types
    Feature record: CXX_FEATURE:1cxx_unicode_literals
    Feature record: CXX_FEATURE:1cxx_uniform_initialization
    Feature record: CXX_FEATURE:1cxx_unrestricted_unions
    Feature record: CXX_FEATURE:1cxx_user_literals
    Feature record: CXX_FEATURE:1cxx_variable_templates
    Feature record: CXX_FEATURE:1cxx_variadic_macros
    Feature record: CXX_FEATURE:1cxx_variadic_templates


Detecting CXX [-std=c++14] compiler features compiled with the following output:
Change Dir: /root/UF_IPMC/SRC/CMakeFiles/CMakeTmp

Run Build Command:"/usr/bin/gmake" "cmTC_de4ec/fast"
gmake[1]: Entering directory '/root/UF_IPMC/SRC/CMakeFiles/CMakeTmp'
/usr/bin/gmake -f CMakeFiles/cmTC_de4ec.dir/build.make CMakeFiles/cmTC_de4ec.dir/build
gmake[2]: Entering directory '/root/UF_IPMC/SRC/CMakeFiles/CMakeTmp'
Building CXX object CMakeFiles/cmTC_de4ec.dir/feature_tests.cxx.o
/usr/bin/c++    -std=c++14 -o CMakeFiles/cmTC_de4ec.dir/feature_tests.cxx.o -c /root/UF_IPMC/SRC/CMakeFiles/feature_tests.cxx
Linking CXX executable cmTC_de4ec
/usr/bin/cmake -E cmake_link_script CMakeFiles/cmTC_de4ec.dir/link.txt --verbose=1
/usr/bin/c++       -rdynamic CMakeFiles/cmTC_de4ec.dir/feature_tests.cxx.o  -o cmTC_de4ec 
gmake[2]: Leaving directory '/root/UF_IPMC/SRC/CMakeFiles/CMakeTmp'
gmake[1]: Leaving directory '/root/UF_IPMC/SRC/CMakeFiles/CMakeTmp'


    Feature record: CXX_FEATURE:1cxx_aggregate_default_initializers
    Feature record: CXX_FEATURE:1cxx_alias_templates
    Feature record: CXX_FEATURE:1cxx_alignas
    Feature record: CXX_FEATURE:1cxx_alignof
    Feature record: CXX_FEATURE:1cxx_attributes
    Feature record: CXX_FEATURE:1cxx_attribute_deprecated
    Feature record: CXX_FEATURE:1cxx_auto_type
    Feature record: CXX_FEATURE:1cxx_binary_literals
    Feature record: CXX_FEATURE:1cxx_constexpr
    Feature record: CXX_FEATURE:1cxx_contextual_conversions
    Feature record: CXX_FEATURE:1cxx_decltype
    Feature record: CXX_FEATURE:1cxx_decltype_auto
    Feature record: CXX_FEATURE:1cxx_decltype_incomplete_return_types
    Feature record: CXX_FEATURE:1cxx_default_function_template_args
    Feature record: CXX_FEATURE:1cxx_defaulted_functions
    Feature record: CXX_FEATURE:1cxx_defaulted_move_initializers
    Feature record: CXX_FEATURE:1cxx_delegating_constructors
    Feature record: CXX_FEATURE:1cxx_deleted_functions
    Feature record: CXX_FEATURE:1cxx_digit_separators
    Feature record: CXX_FEATURE:1cxx_enum_forward_declarations
    Feature record: CXX_FEATURE:1cxx_explicit_conversions
    Feature record: CXX_FEATURE:1cxx_extended_friend_declarations
    Feature record: CXX_FEATURE:1cxx_extern_templates
    Feature record: CXX_FEATURE:1cxx_final
    Feature record: CXX_FEATURE:1cxx_func_identifier
    Feature record: CXX_FEATURE:1cxx_generalized_initializers
    Feature record: CXX_FEATURE:1cxx_generic_lambdas
    Feature record: CXX_FEATURE:1cxx_inheriting_constructors
    Feature record: CXX_FEATURE:1cxx_inline_namespaces
    Feature record: CXX_FEATURE:1cxx_lambdas
    Feature record: CXX_FEATURE:1cxx_lambda_init_captures
    Feature record: CXX_FEATURE:1cxx_local_type_template_args
    Feature record: CXX_FEATURE:1cxx_long_long_type
    Feature record: CXX_FEATURE:1cxx_noexcept
    Feature record: CXX_FEATURE:1cxx_nonstatic_member_init
    Feature record: CXX_FEATURE:1cxx_nullptr
    Feature record: CXX_FEATURE:1cxx_override
    Feature record: CXX_FEATURE:1cxx_range_for
    Feature record: CXX_FEATURE:1cxx_raw_string_literals
    Feature record: CXX_FEATURE:1cxx_reference_qualified_functions
    Feature record: CXX_FEATURE:1cxx_relaxed_constexpr
    Feature record: CXX_FEATURE:1cxx_return_type_deduction
    Feature record: CXX_FEATURE:1cxx_right_angle_brackets
    Feature record: CXX_FEATURE:1cxx_rvalue_references
    Feature record: CXX_FEATURE:1cxx_sizeof_member
    Feature record: CXX_FEATURE:1cxx_static_assert
    Feature record: CXX_FEATURE:1cxx_strong_enums
    Feature record: CXX_FEATURE:1cxx_template_template_parameters
    Feature record: CXX_FEATURE:1cxx_thread_local
    Feature record: CXX_FEATURE:1cxx_trailing_return_types
    Feature record: CXX_FEATURE:1cxx_unicode_literals
    Feature record: CXX_FEATURE:1cxx_uniform_initialization
    Feature record: CXX_FEATURE:1cxx_unrestricted_unions
    Feature record: CXX_FEATURE:1cxx_user_literals
    Feature record: CXX_FEATURE:1cxx_variable_templates
    Feature record: CXX_FEATURE:1cxx_variadic_macros
    Feature record: CXX_FEATURE:1cxx_variadic_templates


Detecting CXX [-std=c++11] compiler features compiled with the following output:
Change Dir: /root/UF_IPMC/SRC/CMakeFiles/CMakeTmp

Run Build Command:"/usr/bin/gmake" "cmTC_a68d1/fast"
gmake[1]: Entering directory '/root/UF_IPMC/SRC/CMakeFiles/CMakeTmp'
/usr/bin/gmake -f CMakeFiles/cmTC_a68d1.dir/build.make CMakeFiles/cmTC_a68d1.dir/build
gmake[2]: Entering directory '/root/UF_IPMC/SRC/CMakeFiles/CMakeTmp'
Building CXX object CMakeFiles/cmTC_a68d1.dir/feature_tests.cxx.o
/usr/bin/c++    -std=c++11 -o CMakeFiles/cmTC_a68d1.dir/feature_tests.cxx.o -c /root/UF_IPMC/SRC/CMakeFiles/feature_tests.cxx
Linking CXX executable cmTC_a68d1
/usr/bin/cmake -E cmake_link_script CMakeFiles/cmTC_a68d1.dir/link.txt --verbose=1
/usr/bin/c++       -rdynamic CMakeFiles/cmTC_a68d1.dir/feature_tests.cxx.o  -o cmTC_a68d1 
gmake[2]: Leaving directory '/root/UF_IPMC/SRC/CMakeFiles/CMakeTmp'
gmake[1]: Leaving directory '/root/UF_IPMC/SRC/CMakeFiles/CMakeTmp'


    Feature record: CXX_FEATURE:0cxx_aggregate_default_initializers
    Feature record: CXX_FEATURE:1cxx_alias_templates
    Feature record: CXX_FEATURE:1cxx_alignas
    Feature record: CXX_FEATURE:1cxx_alignof
    Feature record: CXX_FEATURE:1cxx_attributes
    Feature record: CXX_FEATURE:0cxx_attribute_deprecated
    Feature record: CXX_FEATURE:1cxx_auto_type
    Feature record: CXX_FEATURE:0cxx_binary_literals
    Feature record: CXX_FEATURE:1cxx_constexpr
    Feature record: CXX_FEATURE:0cxx_contextual_conversions
    Feature record: CXX_FEATURE:1cxx_decltype
    Feature record: CXX_FEATURE:0cxx_decltype_auto
    Feature record: CXX_FEATURE:1cxx_decltype_incomplete_return_types
    Feature record: CXX_FEATURE:1cxx_default_function_template_args
    Feature record: CXX_FEATURE:1cxx_defaulted_functions
    Feature record: CXX_FEATURE:1cxx_defaulted_move_initializers
    Feature record: CXX_FEATURE:1cxx_delegating_constructors
    Feature record: CXX_FEATURE:1cxx_deleted_functions
    Feature record: CXX_FEATURE:0cxx_digit_separators
    Feature record: CXX_FEATURE:1cxx_enum_forward_declarations
    Feature record: CXX_FEATURE:1cxx_explicit_conversions
    Feature record: CXX_FEATURE:1cxx_extended_friend_declarations
    Feature record: CXX_FEATURE:1cxx_extern_templates
    Feature record: CXX_FEATURE:1cxx_final
    Feature record: CXX_FEATURE:1cxx_func_identifier
    Feature record: CXX_FEATURE:1cxx_generalized_initializers
    Feature record: CXX_FEATURE:0cxx_generic_lambdas
    Feature record: CXX_FEATURE:1cxx_inheriting_constructors
    Feature record: CXX_FEATURE:1cxx_inline_namespaces
    Feature record: CXX_FEATURE:1cxx_lambdas
    Feature record: CXX_FEATURE:0cxx_lambda_init_captures
    Feature record: CXX_FEATURE:1cxx_local_type_template_args
    Feature record: CXX_FEATURE:1cxx_long_long_type
    Feature record: CXX_FEATURE:1cxx_noexcept
    Feature record: CXX_FEATURE:1cxx_nonstatic_member_init
    Feature record: CXX_FEATURE:1cxx_nullptr
    Feature record: CXX_FEATURE:1cxx_override
    Feature record: CXX_FEATURE:1cxx_range_for
    Feature record: CXX_FEATURE:1cxx_raw_string_literals
    Feature record: CXX_FEATURE:1cxx_reference_qualified_functions
    Feature record: CXX_FEATURE:0cxx_relaxed_constexpr
    Feature record: CXX_FEATURE:0cxx_return_type_deduction
    Feature record: CXX_FEATURE:1cxx_right_angle_brackets
    Feature record: CXX_FEATURE:1cxx_rvalue_references
    Feature record: CXX_FEATURE:1cxx_sizeof_member
    Feature record: CXX_FEATURE:1cxx_static_assert
    Feature record: CXX_FEATURE:1cxx_strong_enums
    Feature record: CXX_FEATURE:1cxx_template_template_parameters
    Feature record: CXX_FEATURE:1cxx_thread_local
    Feature record: CXX_FEATURE:1cxx_trailing_return_types
    Feature record: CXX_FEATURE:1cxx_unicode_literals
    Feature record: CXX_FEATURE:1cxx_uniform_initialization
    Feature record: CXX_FEATURE:1cxx_unrestricted_unions
    Feature record: CXX_FEATURE:1cxx_user_literals
    Feature record: CXX_FEATURE:0cxx_variable_templates
    Feature record: CXX_FEATURE:1cxx_variadic_macros
    Feature record: CXX_FEATURE:1cxx_variadic_templates


Detecting CXX [-std=c++98] compiler features compiled with the following output:
Change Dir: /root/UF_IPMC/SRC/CMakeFiles/CMakeTmp

Run Build Command:"/usr/bin/gmake" "cmTC_af949/fast"
gmake[1]: Entering directory '/root/UF_IPMC/SRC/CMakeFiles/CMakeTmp'
/usr/bin/gmake -f CMakeFiles/cmTC_af949.dir/build.make CMakeFiles/cmTC_af949.dir/build
gmake[2]: Entering directory '/root/UF_IPMC/SRC/CMakeFiles/CMakeTmp'
Building CXX object CMakeFiles/cmTC_af949.dir/feature_tests.cxx.o
/usr/bin/c++    -std=c++98 -o CMakeFiles/cmTC_af949.dir/feature_tests.cxx.o -c /root/UF_IPMC/SRC/CMakeFiles/feature_tests.cxx
Linking CXX executable cmTC_af949
/usr/bin/cmake -E cmake_link_script CMakeFiles/cmTC_af949.dir/link.txt --verbose=1
/usr/bin/c++       -rdynamic CMakeFiles/cmTC_af949.dir/feature_tests.cxx.o  -o cmTC_af949 
gmake[2]: Leaving directory '/root/UF_IPMC/SRC/CMakeFiles/CMakeTmp'
gmake[1]: Leaving directory '/root/UF_IPMC/SRC/CMakeFiles/CMakeTmp'


    Feature record: CXX_FEATURE:0cxx_aggregate_default_initializers
    Feature record: CXX_FEATURE:0cxx_alias_templates
    Feature record: CXX_FEATURE:0cxx_alignas
    Feature record: CXX_FEATURE:0cxx_alignof
    Feature record: CXX_FEATURE:0cxx_attributes
    Feature record: CXX_FEATURE:0cxx_attribute_deprecated
    Feature record: CXX_FEATURE:0cxx_auto_type
    Feature record: CXX_FEATURE:0cxx_binary_literals
    Feature record: CXX_FEATURE:0cxx_constexpr
    Feature record: CXX_FEATURE:0cxx_contextual_conversions
    Feature record: CXX_FEATURE:0cxx_decltype
    Feature record: CXX_FEATURE:0cxx_decltype_auto
    Feature record: CXX_FEATURE:0cxx_decltype_incomplete_return_types
    Feature record: CXX_FEATURE:0cxx_default_function_template_args
    Feature record: CXX_FEATURE:0cxx_defaulted_functions
    Feature record: CXX_FEATURE:0cxx_defaulted_move_initializers
    Feature record: CXX_FEATURE:0cxx_delegating_constructors
    Feature record: CXX_FEATURE:0cxx_deleted_functions
    Feature record: CXX_FEATURE:0cxx_digit_separators
    Feature record: CXX_FEATURE:0cxx_enum_forward_declarations
    Feature record: CXX_FEATURE:0cxx_explicit_conversions
    Feature record: CXX_FEATURE:0cxx_extended_friend_declarations
    Feature record: CXX_FEATURE:0cxx_extern_templates
    Feature record: CXX_FEATURE:0cxx_final
    Feature record: CXX_FEATURE:0cxx_func_identifier
    Feature record: CXX_FEATURE:0cxx_generalized_initializers
    Feature record: CXX_FEATURE:0cxx_generic_lambdas
    Feature record: CXX_FEATURE:0cxx_inheriting_constructors
    Feature record: CXX_FEATURE:0cxx_inline_namespaces
    Feature record: CXX_FEATURE:0cxx_lambdas
    Feature record: CXX_FEATURE:0cxx_lambda_init_captures
    Feature record: CXX_FEATURE:0cxx_local_type_template_args
    Feature record: CXX_FEATURE:0cxx_long_long_type
    Feature record: CXX_FEATURE:0cxx_noexcept
    Feature record: CXX_FEATURE:0cxx_nonstatic_member_init
    Feature record: CXX_FEATURE:0cxx_nullptr
    Feature record: CXX_FEATURE:0cxx_override
    Feature record: CXX_FEATURE:0cxx_range_for
    Feature record: CXX_FEATURE:0cxx_raw_string_literals
    Feature record: CXX_FEATURE:0cxx_reference_qualified_functions
    Feature record: CXX_FEATURE:0cxx_relaxed_constexpr
    Feature record: CXX_FEATURE:0cxx_return_type_deduction
    Feature record: CXX_FEATURE:0cxx_right_angle_brackets
    Feature record: CXX_FEATURE:0cxx_rvalue_references
    Feature record: CXX_FEATURE:0cxx_sizeof_member
    Feature record: CXX_FEATURE:0cxx_static_assert
    Feature record: CXX_FEATURE:0cxx_strong_enums
    Feature record: CXX_FEATURE:1cxx_template_template_parameters
    Feature record: CXX_FEATURE:0cxx_thread_local
    Feature record: CXX_FEATURE:0cxx_trailing_return_types
    Feature record: CXX_FEATURE:0cxx_unicode_literals
    Feature record: CXX_FEATURE:0cxx_uniform_initialization
    Feature record: CXX_FEATURE:0cxx_unrestricted_unions
    Feature record: CXX_FEATURE:0cxx_user_literals
    Feature record: CXX_FEATURE:0cxx_variable_templates
    Feature record: CXX_FEATURE:0cxx_variadic_macros
    Feature record: CXX_FEATURE:0cxx_variadic_templates
